14:54:10.017 [pool-5-thread-2] INFO  Log.Log - Dealer: 53, Car: 649e70b2-30cf-48f3-a4a7-d8c688b7fc7d, Engine: 7364b108-43a7-4ee3-89ce-4ca69bb7c11a, BodyKit: a1ee01a8-447e-4b78-8776-3930de808f7d, Accessory: a1216c1d-34f8-4e02-90f5-011f9275bc4c
14:54:10.017 [pool-5-thread-4] INFO  Log.Log - Dealer: 55, Car: 748c655f-667e-48c5-bb59-0a5bb1ed4022, Engine: eb9fad31-1400-4cdc-9bbc-380ce7c624d6, BodyKit: 6acc5ec0-1eeb-4679-aaf7-bd9b7f29d3d5, Accessory: ada19b52-8b12-4c9f-be4a-ea7cb20a8f87
14:54:10.017 [pool-5-thread-5] INFO  Log.Log - Dealer: 56, Car: 54126a9d-25b0-4fb7-ac41-f37ebb31d815, Engine: 4fa6b431-eb93-47b7-ad44-0eefc417ba8c, BodyKit: 19a4fa1d-1353-4614-92db-445de8374dca, Accessory: 302ddff1-38f2-4556-93f2-a580c900503d
14:54:10.017 [pool-5-thread-1] INFO  Log.Log - Dealer: 52, Car: c57e63bf-78c0-4ef5-afae-3090285b0a1c, Engine: 6ef16317-da3f-4cc3-8ceb-7aaa525052de, BodyKit: 3c673c0b-98c4-47d6-973c-ec5b3debed5a, Accessory: 1bf7c5ea-a96a-4b1a-8e83-a41c29c5ea31
14:54:10.017 [pool-5-thread-3] INFO  Log.Log - Dealer: 54, Car: 2be446fb-07b8-480f-a5d7-8efe5bf41547, Engine: 044192ad-4f3b-4b35-980b-089e97d05635, BodyKit: cb606b8d-eec3-44e6-b394-25e3c5a7200b, Accessory: aa331bb5-075a-43a3-a503-15c36aaf6108
14:54:13.649 [pool-5-thread-6] INFO  Log.Log - Dealer: 57, Car: b6795b58-8129-49a7-8c70-94a834344154, Engine: 9c90c6ce-fc54-49dc-b06d-8c6bb0b3d677, BodyKit: e04942bb-cbd5-4c58-ba5e-73414d538129, Accessory: 91b6a2e1-6395-42bb-8a32-c85075a60908
14:54:13.649 [pool-5-thread-7] INFO  Log.Log - Dealer: 58, Car: 5a1f272d-d32b-4a41-9ae4-312daffb78bc, Engine: e3318038-4313-44e1-a254-414f83e587ac, BodyKit: 4952d3d3-c736-4219-ad88-8821149e3482, Accessory: 4a4ab231-424e-48a6-901c-e2f1a579cf1a
14:54:13.649 [pool-5-thread-11] INFO  Log.Log - Dealer: 62, Car: 33b4cb55-cd61-4efb-bfbd-80080931f65b, Engine: 4c5d23a2-dda3-4d0b-85a7-4c8a9c5e23ec, BodyKit: 7b609e0d-95f9-4edf-9f23-67ec45789f42, Accessory: 452c8340-bdd5-434c-90bb-3493f0b34723
14:54:13.649 [pool-5-thread-20] INFO  Log.Log - Dealer: 71, Car: 63d6b206-069f-4cdb-ba64-81135c4355e3, Engine: c264b3ee-e0c9-4cd0-a216-48765c15026d, BodyKit: 80cfabdc-bbb3-4c0f-9017-60a6925b26d7, Accessory: 8e5f0bbd-5374-47b8-b705-d6f075766410
14:54:13.649 [pool-5-thread-18] INFO  Log.Log - Dealer: 69, Car: 8397ee5d-a5ea-4036-b963-99c2a2156527, Engine: 9b31c4a1-b27b-4a5a-bff5-dcfc2afee0f0, BodyKit: f63d50f1-a693-4962-ad39-506927eca53b, Accessory: 12f1f66c-4277-4694-b7a3-08060b18c412
14:54:18.149 [pool-5-thread-18] INFO  Log.Log - Dealer: 69, Car: f2959623-978d-46af-b365-786de93eced8, Engine: 38c41053-5575-4726-99f8-9de1069ce96c, BodyKit: f21cb3d0-e8c7-459e-a992-95ec09e0c014, Accessory: 11c4facd-d131-4148-a7c9-b82cc8a34149
14:54:18.149 [pool-5-thread-11] INFO  Log.Log - Dealer: 62, Car: 3dc48ea5-f701-42f5-ad41-a226e6c14c28, Engine: 1941ab32-6dec-4f07-bd72-574caaba235e, BodyKit: 9c092c1c-8a8a-4703-8305-27582e647590, Accessory: 2d66397c-48e4-400a-a3bb-fe4ba80857db
14:54:18.149 [pool-5-thread-20] INFO  Log.Log - Dealer: 71, Car: 487dfa83-d1b3-442c-adb0-bc4668172625, Engine: c8af0403-6256-4c3e-bb69-130f513fc4d8, BodyKit: 13c5cf2c-774e-451e-9d4a-6e4f80b09191, Accessory: af324d08-b189-4d54-b1db-c892a088ad0b
14:54:18.149 [pool-5-thread-1] INFO  Log.Log - Dealer: 52, Car: 5741ff60-17bc-4937-a271-0c8ed9d16a20, Engine: c2a52247-d81f-411b-a8d3-f6a730fab63b, BodyKit: ddf63932-d36a-4cd9-9d87-64f0b59fe44f, Accessory: e02e195e-ddb2-4ec5-be02-adfd97e5b4d8
14:54:18.149 [pool-5-thread-19] INFO  Log.Log - Dealer: 70, Car: 78ade49c-46cc-4df7-a98b-f1aa33e609a5, Engine: 49518635-c4f1-4852-99b9-854c3c5b580a, BodyKit: a2b80c72-6f15-4b14-96df-85699a0962ea, Accessory: 4e6cc9d9-f6f9-4b61-b489-2d59e0bc3aea
14:54:22.651 [pool-5-thread-7] INFO  Log.Log - Dealer: 58, Car: 0b952185-2995-446e-945f-67b95c53d9ca, Engine: 27852eb5-deef-4e5d-9822-59259a3f642d, BodyKit: 61ed3ca2-f97e-4b1d-ba3e-c79ddcfd90f8, Accessory: 8f468b0e-7b2f-4316-91b5-1926d8ae64c9
14:54:22.651 [pool-5-thread-19] INFO  Log.Log - Dealer: 70, Car: da1f05ec-fa38-4feb-8e81-312473707a50, Engine: 069bea1b-4bdf-4345-9260-9d6b47329c33, BodyKit: 90b049f1-6580-4eb6-b26f-6f76d5e00969, Accessory: f7603b9e-c325-4344-881f-870bd450744e
14:54:22.651 [pool-5-thread-5] INFO  Log.Log - Dealer: 56, Car: 5a144e5a-d1c1-4766-89b5-c6bf85689d02, Engine: b79ddddf-1578-42cd-987b-edf3cd10d0c6, BodyKit: 8b0d0c31-5dfd-4a8e-a08d-8cefae67fe2a, Accessory: db1c7ce9-e1e4-4e2e-b474-599f2b9d4293
14:54:22.651 [pool-5-thread-13] INFO  Log.Log - Dealer: 64, Car: 8abd9d32-2e4e-4f26-9815-67dd5e09c772, Engine: b61fc44c-d928-4d54-b791-9d81ce1e7a91, BodyKit: 2855ef30-efce-496a-8c6f-040b2ac6a57e, Accessory: 6258b8bb-57f7-4f43-9a1e-10ea2ffd1983
14:54:22.651 [pool-5-thread-16] INFO  Log.Log - Dealer: 67, Car: dfa02bf3-2fc2-4925-ae9f-deda926112a6, Engine: f640ea14-1a35-4497-b867-c505429ef274, BodyKit: 64bc035b-8084-4f76-b88b-041e5e5b8198, Accessory: ef0eb275-eaf4-4370-a489-eddf0d7cf4d3
14:54:27.152 [pool-5-thread-18] INFO  Log.Log - Dealer: 69, Car: ad03b725-426f-455e-af8c-86f3e132b341, Engine: 288c6f6e-e5d3-43c4-bfaf-d29cfac21c6c, BodyKit: 78b76c87-f7a7-4650-b4e2-3e03b40723ce, Accessory: 5140176e-143a-4001-b8ab-7c1f751c8952
14:54:27.152 [pool-5-thread-11] INFO  Log.Log - Dealer: 62, Car: 66250e50-319b-423e-a142-ad89c5a2e1a4, Engine: 48775436-5250-4ff1-9e46-e0808f86b3bc, BodyKit: f4c4f08f-cc57-4d77-a4ed-d8707440602a, Accessory: afaeff8d-db73-4b93-87e6-6fc03b6e3745
14:54:27.152 [pool-5-thread-1] INFO  Log.Log - Dealer: 52, Car: 54b6e3c9-076c-448e-9a30-003792293199, Engine: b580d522-dd2a-4ecb-bd55-368a8ba81743, BodyKit: 741d086f-bc2c-4df0-8530-82a6435cea19, Accessory: 442852b6-d094-43a2-bf89-d5f035ca6516
14:54:27.152 [pool-5-thread-12] INFO  Log.Log - Dealer: 63, Car: d1054e71-47a0-428b-82b2-c6286b4cd0d8, Engine: cdf542af-76a2-480c-b62e-0d7ab7a13b74, BodyKit: b443e1a9-5165-44aa-983e-51cf96b3732b, Accessory: aaddc420-a945-4ec3-84e2-c837499eba65
14:54:27.152 [pool-5-thread-9] INFO  Log.Log - Dealer: 60, Car: d8904597-805b-4ce7-b1cd-4bf57d503e3e, Engine: 6d75db11-2111-4098-a84c-eef1beb15b7e, BodyKit: bf5f1e81-8144-4463-b6ff-9f0184a53bf7, Accessory: b731278d-ba03-47a1-b04b-99277363cd5c
14:54:31.653 [pool-5-thread-19] INFO  Log.Log - Dealer: 70, Car: 4d8e5287-d47c-47a2-acd7-2264bcd5dcda, Engine: 23faa4e9-d015-4265-85e9-c37b878009b4, BodyKit: a3b0d85e-b357-4f5f-a55d-7afd7ea4a24c, Accessory: 57483a7f-4cf6-4aef-85d1-82ae51d0e441
14:54:31.653 [pool-5-thread-20] INFO  Log.Log - Dealer: 71, Car: d9452d02-286d-4998-82bb-553b865d505e, Engine: 491a5c26-f0fe-47a3-8c62-7d64ed555348, BodyKit: f602b91b-2d9d-48a4-bd2c-bcbe52395ca4, Accessory: 781bf296-4ab6-45ab-8f82-fa04af1331b4
14:54:31.653 [pool-5-thread-10] INFO  Log.Log - Dealer: 61, Car: 3c72cf4e-a7b2-4218-9c1b-13feb12ad002, Engine: b56b28b7-9c06-4f3f-9bb5-a100139b7181, BodyKit: 6489c3e9-0e4a-4cce-949e-1f12d34a4d31, Accessory: 85646806-0e63-4aa4-a036-49017d1aaf7d
14:54:31.653 [pool-5-thread-15] INFO  Log.Log - Dealer: 66, Car: b106e5d5-f0e8-45a7-ab9b-585b45afaaa9, Engine: 5170e6f8-0c8c-494b-a8ff-1cd4ab8af1e1, BodyKit: 0985d628-b2d6-459c-bebc-5180137286b5, Accessory: ea323069-19e7-4d0c-8b8a-f1a8574790cf
14:54:31.653 [pool-5-thread-17] INFO  Log.Log - Dealer: 68, Car: 0869b770-4f7f-4a74-8c0d-00c7e592884c, Engine: 63ed332e-35d1-4c46-ac56-6331decd490b, BodyKit: 2ff7e347-e096-4695-9742-dae2e52633c8, Accessory: 1d2b0e3a-7dcc-4f51-8d72-d4526e8f82ec
14:54:36.154 [pool-5-thread-5] INFO  Log.Log - Dealer: 56, Car: 3dfb256d-5df8-430a-beb4-7e9480ef89e5, Engine: 8f082ae6-3b57-4eac-8ec5-24f37bb2fe6d, BodyKit: e35be491-82c7-4f5b-b768-ecc19ad28dee, Accessory: d364e9dc-5730-4f57-8a9f-fc35fc731d81
14:54:36.154 [pool-5-thread-6] INFO  Log.Log - Dealer: 57, Car: 5e37d4be-b1d1-4c83-bad2-0da145e37c12, Engine: a9bd6082-f7ed-49b7-8995-1a77101f098d, BodyKit: 57099b97-1573-4834-b7b5-575d8195ba3c, Accessory: 5971a83a-7b73-4da0-82f5-d3e6e194614c
14:54:36.154 [pool-5-thread-3] INFO  Log.Log - Dealer: 54, Car: 8e6eb6be-01eb-4fea-8d5b-975909cce2db, Engine: 5a947bd1-b5b3-4b1c-a147-2cfa678154e0, BodyKit: ddd3cf45-4a74-461b-b1ef-bc8530a1dbba, Accessory: 27777001-a168-4f21-b86c-a8a4c26fc518
14:54:36.154 [pool-5-thread-7] INFO  Log.Log - Dealer: 58, Car: 91728c30-cf60-4301-b54f-7e167016a538, Engine: bbbc5197-bbf0-4780-bed7-cb7a28c42723, BodyKit: 48838b08-0745-49a0-8839-4b5e857501bf, Accessory: 1b7b92fc-8633-4b87-b072-875b79103fdc
14:54:36.154 [pool-5-thread-14] INFO  Log.Log - Dealer: 65, Car: f3e7b4f3-f154-4b04-afe4-6babacd0a752, Engine: ad708685-6a49-4055-8482-6ea825602da6, BodyKit: d25631cb-0e15-4ff7-b943-dd4b986a510d, Accessory: 9cc4245f-a541-46bf-badc-26f65175b413
14:54:40.656 [pool-5-thread-12] INFO  Log.Log - Dealer: 63, Car: b1aabad8-9f77-4142-93ba-7a2fb89d450a, Engine: 5cc3d578-9658-4d2f-91d9-a3ccfbe89e0a, BodyKit: 367c08aa-8ee4-4ade-8057-655850b87ec2, Accessory: 318faf5e-f8ba-47d2-a6bc-4b3f1dba5b5d
14:54:40.656 [pool-5-thread-1] INFO  Log.Log - Dealer: 52, Car: 182c4b6c-ab6a-428e-8f81-f2024ff43622, Engine: 6721f6d4-98e4-4a69-bbdc-be8986f99fab, BodyKit: ca86821e-27ba-4d35-8bea-b7946e103383, Accessory: 705e400c-af85-4d71-8930-4e10c8c1ba45
14:54:40.656 [pool-5-thread-11] INFO  Log.Log - Dealer: 62, Car: f9deb187-2ef7-4c38-8b11-24c7f1241837, Engine: 47776d85-5878-4cbc-8b32-3a6dc7ffc44f, BodyKit: 395072c2-b25f-4002-ab6c-070f2d8b656e, Accessory: 4916907c-5f71-4cfa-a3b0-95acd14c00d9
14:54:40.656 [pool-5-thread-9] INFO  Log.Log - Dealer: 60, Car: b173fc0e-45bb-4828-b3b1-bb0bf5583ea1, Engine: 72ab4405-0b67-4a45-a093-ec0cf019f38d, BodyKit: 3fea8bb4-2ce6-4b59-9171-aefa47bfb683, Accessory: 5111aa65-5180-41bd-b899-4305d494a4dd
14:54:40.656 [pool-5-thread-8] INFO  Log.Log - Dealer: 59, Car: e3167e40-8bb0-42fb-877f-0fbf16542686, Engine: 1a3bc9cf-f769-44e7-9a30-e86fecdba42d, BodyKit: 7e37a54f-c2e6-4469-99cb-c9debd42a65f, Accessory: 3d1bc81e-58ae-43e7-a92b-8894ab6a848f
14:57:55.416 [pool-5-thread-1] INFO  Log.Log - Dealer: 52, Car: 449b417e-59e1-4b53-811a-cca2f628a77a, Engine: 5a45b428-fc4e-4df8-9ae2-b6eb9a7a69cc, BodyKit: 9805c82d-c79d-4029-9daf-9858cd9277cd, Accessory: 4015a51f-f4dd-4f0d-b616-5cde82eb25e8
14:57:55.416 [pool-5-thread-2] INFO  Log.Log - Dealer: 53, Car: 2772fd42-537e-4931-a415-863c3cceda50, Engine: 6da6eca4-dd59-4230-87e8-b876eb84464c, BodyKit: 2c5d101e-1d56-442a-b45f-33b500d38cc3, Accessory: 699eef3e-b747-4dda-9d85-e0fb5b9c7ca8
14:57:55.416 [pool-5-thread-5] INFO  Log.Log - Dealer: 56, Car: ba100748-a4d3-4056-9cec-361c6eec7d0d, Engine: 08a2c2c3-1e9b-482f-b125-06389db7e405, BodyKit: 54e9f5ea-9730-4764-84bd-b92d1d90866d, Accessory: c7d481c5-e4da-441e-b5ed-f1f47d94bf7b
14:57:55.416 [pool-5-thread-3] INFO  Log.Log - Dealer: 54, Car: de61194b-5208-4f27-994d-8d61d96c1d16, Engine: 237ac519-c6d1-4086-bdb8-2510fadaff18, BodyKit: 56081875-c356-4d76-ad01-92a9393b23db, Accessory: 5a1af35e-89ee-4112-adc5-aca7fc64fd46
14:57:55.416 [pool-5-thread-4] INFO  Log.Log - Dealer: 55, Car: 6e8e8a6e-8868-438b-b563-d4b2440ddb52, Engine: c734a2c0-f6af-44c5-aa30-61db3ab94ac1, BodyKit: 5a863e4e-a17f-4465-96c9-60f7ee22e614, Accessory: 8eadc86f-316c-469c-a878-efc32c872d07
14:57:59.054 [pool-5-thread-16] INFO  Log.Log - Dealer: 67, Car: 51ebe144-e7c3-40a3-999b-6752ccad3ed7, Engine: 6cc83598-74ed-47eb-8563-6f86fe69a484, BodyKit: d572d617-48ac-466a-b99c-c86336d4ea0f, Accessory: d0ea6005-52ba-468d-9baf-601615be6af8
14:57:59.053 [pool-5-thread-6] INFO  Log.Log - Dealer: 57, Car: f65a6755-786e-4d06-a4f8-d9e741c32581, Engine: 06400764-fb5f-4672-b425-35ba9d324859, BodyKit: 58db9679-f451-4625-b8fa-41406d0bd25d, Accessory: 07cc8034-0d94-4d2e-b912-fe59b308cacd
14:57:59.054 [pool-5-thread-11] INFO  Log.Log - Dealer: 62, Car: 69bfa5fb-8d5b-4314-864c-8e784849fdfe, Engine: 696e5d2e-41cb-4aa7-a6ea-7bc393fca979, BodyKit: 0813792a-e1bb-4c89-bb0f-7294d60987d5, Accessory: ccf1ba2c-7319-44d6-8297-00ac358d54ae
14:57:59.054 [pool-5-thread-10] INFO  Log.Log - Dealer: 61, Car: 6cbeddcf-066a-4956-94c4-2a2025cff600, Engine: c2add50b-f9ee-4177-958f-5ed84553d644, BodyKit: b6afc204-a745-424a-9e84-10fb16b3ab84, Accessory: b9543f22-36df-46b0-8aea-1a5110af84ed
14:57:59.054 [pool-5-thread-20] INFO  Log.Log - Dealer: 71, Car: 9882cdd4-3468-4f7e-aefe-1efd949aaf96, Engine: 6860ad66-8802-4f02-98a9-c9c8b06eae67, BodyKit: 26f4919c-4cc0-4792-8107-4476ba0c03b9, Accessory: b01579d4-8198-408e-ab44-3bf382930118
14:58:03.554 [pool-5-thread-3] INFO  Log.Log - Dealer: 54, Car: 2439f235-47b2-48b1-a9a4-0296aef92e76, Engine: a8f99192-222a-4d12-82d1-b5ea90053061, BodyKit: 3ebda22a-3cfa-43e5-adb1-76ab8736ee09, Accessory: 48129ae2-77a0-44da-8797-f0635f7a3616
14:58:03.554 [pool-5-thread-6] INFO  Log.Log - Dealer: 57, Car: 18487666-fab6-49b3-b28e-c1c5ba960bde, Engine: 482b5f32-3344-43a0-af06-81cb5b96ff59, BodyKit: 25435674-40a3-4b7d-a8a8-789ad7d20029, Accessory: 187b9b23-c6a9-44aa-9748-64914f33def0
14:58:03.554 [pool-5-thread-10] INFO  Log.Log - Dealer: 61, Car: d02d2d4b-390f-4a94-8d9c-c29952f15765, Engine: 2ce92fc3-2515-4747-9d96-8195591b42f3, BodyKit: 3e6b0830-fa65-4b9e-a6f0-ad2db1cfb7c9, Accessory: 26e1138d-9a8e-407d-a25e-fbfd5a24e3bd
14:58:03.554 [pool-5-thread-19] INFO  Log.Log - Dealer: 70, Car: f58fb5d0-02d8-454e-8682-e559c103ff77, Engine: 1df8e931-a909-4b93-a68b-6d90db607110, BodyKit: dcdb44f0-5aa7-4666-8044-e620abdc69df, Accessory: 0eae1a30-a6ca-4937-b1dd-1530bdb3bde5
14:58:03.554 [pool-5-thread-14] INFO  Log.Log - Dealer: 65, Car: 0bd79c07-7c68-4871-a2f1-f9217709e308, Engine: 968b1742-fbd6-4182-9f44-4d0d6f71a031, BodyKit: 1369839f-19a8-4235-a10b-d9a206eaeea2, Accessory: 997e32f9-a9ea-43e8-9065-824cfd9116ef
14:58:08.057 [pool-5-thread-2] INFO  Log.Log - Dealer: 53, Car: eb0d20a3-1315-468e-85a9-5c8babe1b925, Engine: 65e03906-50bf-42d8-9e0d-16ffa8adfdad, BodyKit: 4720cb8b-ad83-48cd-a5d9-88dab1f77d5d, Accessory: a674487c-dada-4e06-8c23-179b09afbaee
14:58:08.056 [pool-5-thread-1] INFO  Log.Log - Dealer: 52, Car: 05e02216-ddeb-4413-b710-64623e5c0135, Engine: 7d6f9365-37fd-4e64-af91-86ce2493ae4b, BodyKit: c77e29af-a66a-459f-9290-7acdd8644648, Accessory: ac132d43-d0fe-48a5-906c-1e2956d00b9d
14:58:08.056 [pool-5-thread-16] INFO  Log.Log - Dealer: 67, Car: 2d146aa6-c277-4be5-912e-9c14f5bf75a3, Engine: 754e4d74-ec50-4151-92a5-1f3eca0e77b0, BodyKit: f12f53ff-e8b7-4244-a4ac-88eacfe6c1ef, Accessory: 94820539-5469-4ee2-bb0d-996b4943fe3a
14:58:08.056 [pool-5-thread-15] INFO  Log.Log - Dealer: 66, Car: d1241b7b-d698-4cd7-bd8d-9c591fcae55e, Engine: 702b9fdc-6a01-4b99-87cf-0562e8aa2a95, BodyKit: 8d5807d0-c633-4a37-99fe-c4a0fed30a2a, Accessory: 354fd2e7-4923-48b8-a5aa-d97b41894cc8
14:58:08.057 [pool-5-thread-9] INFO  Log.Log - Dealer: 60, Car: 8dee80fb-6d20-492b-b33a-bdffbe4296f9, Engine: 11207ea1-af88-4e08-8c52-45a431f23aba, BodyKit: 068e114b-20b0-4675-92a4-ffe5f67fb6aa, Accessory: 0b046a99-6517-4db5-8522-92355552b734
14:58:12.557 [pool-5-thread-11] INFO  Log.Log - Dealer: 62, Car: cf3f42e2-0401-4f5e-99b5-08ec08dbbb01, Engine: ed9ddc0a-74f1-4e05-8e2e-24c85b264944, BodyKit: 93e20071-5d0f-418f-b744-d3f0f774a898, Accessory: 01dbb535-b733-4922-84c0-3983a4a468d2
14:58:12.557 [pool-5-thread-20] INFO  Log.Log - Dealer: 71, Car: 10d314b3-2768-413f-b48f-d884928d106e, Engine: 08947b19-045b-4ae1-a089-fb30c0f58fa9, BodyKit: 11dbf23a-c30e-4a67-b603-207eb52f6f19, Accessory: 91804fb4-d56f-49eb-ac54-027386c78ed3
14:58:12.557 [pool-5-thread-4] INFO  Log.Log - Dealer: 55, Car: 1215d8ab-9ada-4439-9a91-56f29f52ce5f, Engine: 7425541c-be8f-4423-ad1a-288c6e2e3cf1, BodyKit: 43d330e8-2b31-434d-8297-7b68eab7499b, Accessory: 0a2c7534-e3b2-407e-82e7-46dc54023600
14:58:12.557 [pool-5-thread-8] INFO  Log.Log - Dealer: 59, Car: dec204b8-d98f-4145-b711-48b8cc2613fe, Engine: ecabf6d8-3eab-45b0-a7a7-2082e4a82b0c, BodyKit: f0a46933-e380-4614-b4bb-e12ed29beb9b, Accessory: edbc47e5-f111-4734-8ffa-52a166ef20d2
14:58:12.557 [pool-5-thread-7] INFO  Log.Log - Dealer: 58, Car: 28f14b44-cc8b-472c-a915-d726436e67a4, Engine: e3b7f2a3-147c-44be-86b3-5ac40267f993, BodyKit: 9bbdcf45-1bc1-4b9e-ab16-2d9d65eba5d9, Accessory: 5cf81648-46ab-4b19-aad1-e97598db8242
14:58:17.057 [pool-5-thread-10] INFO  Log.Log - Dealer: 61, Car: f2ebd8cc-d3f2-4d20-9596-8035b8f9ecf7, Engine: 8e7f0ab8-49a2-4977-ab14-4a5accb0a567, BodyKit: 28a82f25-121e-4ff4-b215-477c18afbce4, Accessory: 69be0706-ef83-4fe6-b56a-2182038588ea
14:58:17.057 [pool-5-thread-19] INFO  Log.Log - Dealer: 70, Car: a9db26bc-641b-4ab8-b663-6a83fce98a57, Engine: 85026a83-fcaa-4906-bcf7-bff0dcd73c96, BodyKit: 805518db-19bc-4c09-9e3d-a71c79909c36, Accessory: 12130ae5-0b69-459a-b2dd-4e9e5331381e
14:58:17.057 [pool-5-thread-12] INFO  Log.Log - Dealer: 63, Car: 5ac818ad-febc-47d2-a09b-105b1ce23289, Engine: e3017d78-3603-4bab-a78b-3e7553a732d4, BodyKit: 79df3066-3e46-40fe-a206-18e976f432e3, Accessory: ffa98040-53db-4a10-a623-821e5d16ece5
14:58:17.058 [pool-5-thread-3] INFO  Log.Log - Dealer: 54, Car: 86b2aada-36fa-42a8-9980-bd41ed0b2069, Engine: 0bc157c9-6628-463b-97cf-f715d479d8ce, BodyKit: 95884bf2-83b8-4a19-a45a-c56d47a39c35, Accessory: 2c8246f8-b3d3-4a23-a14a-e64a80884428
14:58:17.058 [pool-5-thread-6] INFO  Log.Log - Dealer: 57, Car: f774fb55-06e8-499f-a407-fe77d9af59a0, Engine: 454ed178-bc3a-490f-a8b0-b24fa269c1f1, BodyKit: 1337cc91-5997-406e-8138-7bfcbf8ba6de, Accessory: 93ed064b-e131-4d31-b8d2-7e99b31f544f
14:58:21.558 [pool-5-thread-16] INFO  Log.Log - Dealer: 67, Car: 1af86339-07d9-460e-abb0-985ff9467441, Engine: 92ce19e4-7278-489a-98d7-c930ca067ca6, BodyKit: 0e2cdead-e04b-4648-b9e4-c2da3f7cfe45, Accessory: 61f7ac49-f630-4e08-8e14-2e9c1d592ee0
14:58:21.558 [pool-5-thread-5] INFO  Log.Log - Dealer: 56, Car: 6533bf15-56d2-4a38-b6ed-f184257e126e, Engine: f88a4f07-f808-4d5a-8a26-57fcebe1895b, BodyKit: 4bc9935a-34eb-4334-b969-c22d471c285b, Accessory: c62a41b1-4e33-4ace-95be-660c51eb5c85
14:58:21.558 [pool-5-thread-15] INFO  Log.Log - Dealer: 66, Car: 443023b9-d43c-4af2-85ab-44b126155a2a, Engine: 65957d30-6c2d-4da8-8897-331fb7cce5ca, BodyKit: 3bfba1c5-454c-4e23-bb52-e3f50254f08d, Accessory: 52766d18-e53b-40d1-8746-4942eff24ce6
14:58:21.559 [pool-5-thread-14] INFO  Log.Log - Dealer: 65, Car: cb3cdb58-7c5b-4695-aff7-1295f20e19ac, Engine: 8466696e-2a38-4201-bdee-f8fa2b99bb78, BodyKit: 6955a788-afbc-4df2-b209-200b3461d08c, Accessory: 9294321a-7366-45e8-b40d-1ad648d9d8ca
14:58:21.559 [pool-5-thread-13] INFO  Log.Log - Dealer: 64, Car: 99db01e4-5f77-48b7-90d1-febb24a22051, Engine: 5d4b2532-50f9-4903-9dbb-57428c4aac36, BodyKit: 111cf43e-7174-429a-8ff5-f8e8e1429055, Accessory: d16cff8c-1213-4602-9af0-6e93cf32bc74
14:58:26.060 [pool-5-thread-8] INFO  Log.Log - Dealer: 59, Car: 559d319d-31a3-4566-b1f5-7006d2e17bcd, Engine: 2543a087-2d23-4cf1-81c7-0254151bdaa5, BodyKit: 57db2a81-6a11-4862-8b7b-c5d0b2a0a2aa, Accessory: 529b58c8-9dd8-4636-a833-3bf2fda09585
14:58:26.060 [pool-5-thread-4] INFO  Log.Log - Dealer: 55, Car: 4d6e6ba1-4450-46b9-8fa7-9f3ac79968ef, Engine: 2f751229-28f1-4997-a140-173b2853387b, BodyKit: 67edc8a3-d99c-4249-8445-2b02f220c7b2, Accessory: 55fdc870-02f8-4b66-9616-95fa1596cbbe
14:58:26.060 [pool-5-thread-7] INFO  Log.Log - Dealer: 58, Car: 3df99a7b-cf8b-4c80-a340-b9555843e204, Engine: effefeb0-4a5f-44f3-b606-e117fd0d1a50, BodyKit: 730fa8b2-ee79-4350-914f-9e319e36b942, Accessory: f7a2b99c-903f-47d0-a795-32c7703201bb
14:58:26.060 [pool-5-thread-18] INFO  Log.Log - Dealer: 69, Car: f16dddb3-24bc-4781-8c7c-48f84a4b6f15, Engine: 26cc2ea3-0c33-403c-882a-e089321f4a23, BodyKit: 95165161-41cd-4e99-be60-e2ba93698541, Accessory: 74f456a0-c6cd-4a74-9880-5e9116a1b377
14:58:26.060 [pool-5-thread-20] INFO  Log.Log - Dealer: 71, Car: 4c7e16cf-3797-4b12-8a27-a4a6e4319bee, Engine: 00e094e7-c797-4adc-8da5-6a4e4aae47fe, BodyKit: 2e319021-0bc0-4c9c-9137-97e997e3a358, Accessory: 08587758-933f-43e6-94d1-d9cfa53a969d
14:58:30.560 [pool-5-thread-19] INFO  Log.Log - Dealer: 70, Car: 258c6f3b-bc9e-4464-ba36-6609035d1f45, Engine: e699bf82-5904-41cf-856e-c7b84c489200, BodyKit: 8f7a622e-1b01-439a-b3e7-bda4ee6562db, Accessory: e9e14036-cc8a-4b5b-ba9e-2cf418634552
14:58:30.560 [pool-5-thread-12] INFO  Log.Log - Dealer: 63, Car: 04dcf455-8743-4935-9895-83bdd45f2ba4, Engine: f885f976-48b7-40ed-862d-e1934000f37e, BodyKit: 1c1ad98b-b22f-4ee6-a5e9-92cc5181bb13, Accessory: ac585267-27a7-4bdd-bce1-54cf1e91398a
14:58:30.560 [pool-5-thread-6] INFO  Log.Log - Dealer: 57, Car: e12bd9d0-6732-41a3-ae6c-60c816f3a004, Engine: ac0fe72b-6f40-437e-988e-f78f78148a33, BodyKit: 99114b7a-5d00-4ad6-998b-cc9751d4a83d, Accessory: f5753c9b-8d32-4e03-9151-daae3cc3d3aa
14:58:30.560 [pool-5-thread-3] INFO  Log.Log - Dealer: 54, Car: 59719749-31c6-43c7-8095-e46bdff99d3f, Engine: 368b5c7f-0730-4c7f-9147-fd19e247e814, BodyKit: 2c02bcec-e40c-4ed0-9449-7a5f30b16299, Accessory: 3ade8cd5-0092-4c7e-b508-2f058f737c57
14:58:30.560 [pool-5-thread-17] INFO  Log.Log - Dealer: 68, Car: 6ecb4f27-9386-4f3f-bae3-e085a171a5ca, Engine: aab2b71f-b8d6-4087-8b19-bfb2fe822c19, BodyKit: 160c1bcc-fb7e-4ea1-afbe-8d7cf93a262c, Accessory: 011addad-7b7e-407d-96de-0213b9eaf7b5
14:58:35.061 [pool-5-thread-10] INFO  Log.Log - Dealer: 61, Car: a438deaa-1e19-4ad6-b67a-3733c3409e51, Engine: 80c8d25b-77de-48e7-8359-4d70b72c4f97, BodyKit: 2e588c7d-ec77-47cc-a2e9-cafdc14c7693, Accessory: 874cadf1-e656-44e9-9192-1494de1efafc
14:58:35.062 [pool-5-thread-14] INFO  Log.Log - Dealer: 65, Car: 35ed7763-f4c4-4eec-b16e-5b91a23a95d5, Engine: 3dd619b1-44e2-41df-babf-6e1a54caa365, BodyKit: a0d5f942-44eb-49ee-9212-f6fec52c30f0, Accessory: 58263668-3fb8-4e1e-afa5-2c2c9a430034
14:58:35.062 [pool-5-thread-5] INFO  Log.Log - Dealer: 56, Car: 458ba990-401f-432c-bfc2-6f3235390d50, Engine: 2afb794f-06d1-4c65-bcd2-c50e324971ef, BodyKit: 71907ec0-0db2-4099-9497-f98716ef1fb9, Accessory: 48ccf1a5-f682-4d99-bd60-24c9500e768a
14:58:35.062 [pool-5-thread-15] INFO  Log.Log - Dealer: 66, Car: ef37ae96-af37-44ce-b1de-7d6feab9e95f, Engine: 391e8706-c109-410f-8b3a-2bfd7b9a85b5, BodyKit: c7c6944a-0c0a-4036-834c-5fac62414104, Accessory: 55625310-fe06-4948-afdf-628ce64a1846
14:58:35.061 [pool-5-thread-13] INFO  Log.Log - Dealer: 64, Car: 75f965e7-3d72-4543-a57d-e98f4ae8489e, Engine: ffe383d5-d290-4c1a-b4d8-cffbeac0c9e7, BodyKit: 4157ed84-80a4-4f7b-8480-f1d82421822f, Accessory: 67c66930-dccd-4954-bcbc-96dff6847fca
14:58:39.563 [pool-5-thread-16] INFO  Log.Log - Dealer: 67, Car: bcab398f-8266-47d1-8167-725f11558bb5, Engine: 48821710-b46d-4ee4-bc5e-4defcac006e2, BodyKit: 7a2db07b-ea10-49fc-8a1b-c1aa1083f177, Accessory: 69d9abab-ec16-4e6c-ab01-77955ccedc01
14:58:39.563 [pool-5-thread-20] INFO  Log.Log - Dealer: 71, Car: 12688cbf-93ad-4a3d-a6dc-cfbccd57eecf, Engine: 232d6ec8-6e6d-4b6d-8a92-a932fdd80461, BodyKit: 2ba7706b-526d-46c8-9ecc-31412dce53a6, Accessory: 471a2551-313f-4949-87d4-b63a2ffacb03
14:58:39.563 [pool-5-thread-4] INFO  Log.Log - Dealer: 55, Car: 7944a5ba-371d-4f00-a46c-5ecd3f9f037e, Engine: 21490450-0eaf-495f-b1fa-d8da0abefd90, BodyKit: 3f1c23a0-8c8a-4086-9a30-9403e6b4f3b0, Accessory: 602cbee9-2c44-4b9a-b330-529265f0bda7
14:58:39.563 [pool-5-thread-7] INFO  Log.Log - Dealer: 58, Car: 560fc35b-650b-450b-b87d-d3fdfb83621f, Engine: bc407d54-0568-43b5-9031-5f6e3bfda2c7, BodyKit: e5bf65d8-cca0-4c14-bb66-8f68ad735ba6, Accessory: 59b24987-f64e-4ae5-95c4-3c1fce9eafa4
14:58:39.563 [pool-5-thread-18] INFO  Log.Log - Dealer: 69, Car: 2efe645d-a333-43af-93f4-5257f34f6533, Engine: 5ddebfae-ae44-493e-a49b-1bc74b3d10ab, BodyKit: b428f7c4-6199-4f0d-af06-197e3020ebcf, Accessory: c19ab48c-8381-475f-bf94-08e4b15a9d09
14:58:44.063 [pool-5-thread-8] INFO  Log.Log - Dealer: 59, Car: 1804e818-b916-4548-987f-1994a6e54d08, Engine: f08c9e1c-a6f7-4c85-a50b-6063d440aeff, BodyKit: aef93a89-2219-4eb1-b4d2-bf8aa2b75d7b, Accessory: 04a7d1e9-9b31-4417-a593-4afb25efb4ce
14:58:44.063 [pool-5-thread-3] INFO  Log.Log - Dealer: 54, Car: d9189c48-6f42-4d0a-90d2-b992e97ff539, Engine: d04453c2-a687-47b0-b5a1-9638d2bf1fdb, BodyKit: 1d50fbba-d2a4-49d2-a59b-f66d046cd804, Accessory: e05d548b-e054-411f-8c3d-8e710ff68ec4
14:58:44.063 [pool-5-thread-17] INFO  Log.Log - Dealer: 68, Car: e61907e0-adc0-4ba0-b9c0-ba8db99bbbaf, Engine: 6c6733e4-90da-4c0a-ba1e-51794b6d83b8, BodyKit: a346d4d3-ee20-45ac-aa76-eb652d442f99, Accessory: 93f477f4-0113-449e-aaa8-01d9eff4bd37
14:58:44.063 [pool-5-thread-19] INFO  Log.Log - Dealer: 70, Car: f96af7f4-7f79-47a2-ac24-86e00fc5891c, Engine: 1c94d336-f66e-4020-b246-f725bf826a43, BodyKit: 6a0e561b-4ee7-4b12-a830-2aac4a4b752a, Accessory: 7a81fe4e-d509-4997-b610-2caf51f9a23a
14:58:44.063 [pool-5-thread-2] INFO  Log.Log - Dealer: 53, Car: 55f92ea0-a7ab-4efe-b6b5-0c4a8abbef09, Engine: f4446810-bcff-48ca-959a-f2cb1c078cdc, BodyKit: 1c319941-245b-4f97-87a0-b1aefd42c583, Accessory: 65aa379c-e432-47d3-a620-fe2843cbe41e
14:58:48.564 [pool-5-thread-9] INFO  Log.Log - Dealer: 60, Car: 620b749d-b263-4ae7-81b3-0dc940487820, Engine: 1d387d99-af0e-48ce-bb05-07ed5e5c232b, BodyKit: c9656686-d428-4285-b030-bb27b9b269b5, Accessory: 4c2b19e0-fe6b-42e1-8845-ae7180c708b3
14:58:48.564 [pool-5-thread-15] INFO  Log.Log - Dealer: 66, Car: ac0198de-702e-4d5b-a35c-77b41cf5fa4e, Engine: 491613d0-e42a-4918-8bd7-0b0021c4bb34, BodyKit: 6b950f55-949d-4109-a298-d8429a298b8b, Accessory: 66821516-439b-4768-8208-d86832ac5f6d
14:58:48.564 [pool-5-thread-14] INFO  Log.Log - Dealer: 65, Car: b675f59b-c540-4f5a-8375-2b66ec6022e6, Engine: 7556647d-89b1-42ff-9e5c-0ade4dc221b4, BodyKit: 87e729a0-cdd0-467e-8719-73470693b089, Accessory: 7fe267f6-6226-476d-a7bc-6893f969f3a6
14:58:48.564 [pool-5-thread-5] INFO  Log.Log - Dealer: 56, Car: 7badc678-d36c-4ee8-9986-8280626f714c, Engine: 84c22ba1-7f30-4062-a77c-ed884a61ff15, BodyKit: 7d7bf29e-c7df-4dc7-ab88-e7e9015ffe5a, Accessory: b4840399-84a0-4d09-878a-01cedfd6d3d4
14:58:48.564 [pool-5-thread-13] INFO  Log.Log - Dealer: 64, Car: 2cd42399-4d0e-46b7-afab-07fb1ced99f5, Engine: 8fde0c48-736b-40c1-93d3-962235845b78, BodyKit: df8656ba-5be5-4e51-9173-35e64ed64e50, Accessory: 1f8dac87-a161-4772-ae5a-ace959e6505f
14:58:53.065 [pool-5-thread-7] INFO  Log.Log - Dealer: 58, Car: de87d98a-1abf-4973-a451-2f5efed72498, Engine: 437a5d21-2487-4411-8796-21204894bd60, BodyKit: 32b01e72-34fe-42a1-b047-f1fb16475547, Accessory: 6a3d519b-cb74-4616-a18a-e56b66efdb7b
14:58:53.065 [pool-5-thread-20] INFO  Log.Log - Dealer: 71, Car: 210d1840-858a-470e-a38b-5dc960ade010, Engine: 302c04a9-d45f-4800-8d05-f6b4c9f030f7, BodyKit: 4a95c4fb-d036-4344-ad71-91e7692c02cd, Accessory: f9468846-d58f-445f-9b5e-edf7379742b1
14:58:53.065 [pool-5-thread-10] INFO  Log.Log - Dealer: 61, Car: 1d210bfd-f9d2-418c-91d6-280745223664, Engine: e18a8a2c-c1f6-476b-81e9-dfe6c15c6290, BodyKit: e46edcdb-0bee-455c-bccc-eacdcdf5569b, Accessory: 75536452-742a-4589-985a-8604e3a94200
14:58:53.065 [pool-5-thread-4] INFO  Log.Log - Dealer: 55, Car: 42759496-8d66-4969-a40d-e7cbd908e253, Engine: 105b50dc-ff86-4038-af0e-a1f24480c1ee, BodyKit: ce1c72ce-6bd7-4696-bc26-035a560d9ea3, Accessory: 086eb5e3-b5d4-4640-8e16-b675581041b5
14:58:53.065 [pool-5-thread-18] INFO  Log.Log - Dealer: 69, Car: 6a7dd669-a1f2-4296-9a37-b0dd977a1844, Engine: dffff4cf-4429-4ce5-83de-c49a3f64f214, BodyKit: b1700d61-3e1c-4430-972f-37b1194e3ac1, Accessory: 9e5867c4-3e6f-4ae1-a850-4643a8bf459a
14:59:49.867 [pool-5-thread-2] INFO  Log.Log - Dealer: 46, Car: 38b12247-0ed9-4130-bc25-70af43fe5057, Engine: 61a71fd0-12cb-4e2f-a5f9-233dfff937be, BodyKit: 876643b4-ddab-44ca-b3b3-dae06a947f23, Accessory: 01ec2a4e-45a4-4f8e-82cb-4a131a45036e
14:59:49.867 [pool-5-thread-1] INFO  Log.Log - Dealer: 45, Car: 79ea4259-c9a2-4033-ae76-836de72a9e32, Engine: 4acb7833-487c-4beb-821e-ad0bc30d2943, BodyKit: 7d6682a5-24c0-473b-9a67-804ad3900ac5, Accessory: da538fa1-26bb-4b35-ac85-72e36aa201cc
14:59:59.869 [pool-5-thread-2] INFO  Log.Log - Dealer: 46, Car: 3ed410e3-5ec2-4b33-941f-8e19ba42e212, Engine: d4ebe05e-23a6-4e98-8682-01246548445b, BodyKit: b9db2daf-8580-4c21-b528-6063fac9505d, Accessory: 130954c6-a8c5-44a0-8f1a-24f24d18b514
14:59:59.869 [pool-5-thread-1] INFO  Log.Log - Dealer: 45, Car: 1539b44c-9527-4574-b1a9-bf1d9f1d8c93, Engine: 0798f5f2-e5f0-44dc-8051-7018f1678e0c, BodyKit: 0576586e-43f2-4ee6-b40e-ed3ca420e980, Accessory: df599801-c6b5-482b-b005-555a88c3f25b
15:00:09.870 [pool-5-thread-2] INFO  Log.Log - Dealer: 46, Car: 9c1f2b12-ed5c-4b9a-b280-6c4638866b42, Engine: 2f7bdb68-b37b-4ad8-819a-b9e53f90e980, BodyKit: bfae7bf0-cc54-449b-891f-c66c848b57dc, Accessory: 98facbf1-1782-413d-a5fe-bf4f7910f258
15:00:09.870 [pool-5-thread-1] INFO  Log.Log - Dealer: 45, Car: 16591274-91be-4361-9867-4a3919bd7809, Engine: bb3490dd-41de-4c15-ace2-ec0ef65926ba, BodyKit: a55fa5fb-c899-4e2e-a0ac-6137f0283144, Accessory: 83dc3094-2b63-43d6-bd20-375a10524ac7
15:00:19.870 [pool-5-thread-2] INFO  Log.Log - Dealer: 46, Car: cfcc7bff-032d-49f4-90f8-f5fd6f10a137, Engine: 248758c4-3ff5-4ed2-b238-9157b948828a, BodyKit: 5dee9c3c-cb71-43b3-abfb-f3b3b72c5d92, Accessory: f2b9a705-7811-4ec7-a2bb-0db1abc0cf15
15:00:19.870 [pool-5-thread-1] INFO  Log.Log - Dealer: 45, Car: 099f03d9-a635-4c22-9e79-c376b73a6540, Engine: be5d9be7-d64d-4d48-be1b-47d011bc651a, BodyKit: 77c97b50-17f9-4d7d-b0a2-d6251e92257b, Accessory: 98df3b34-c18f-4ea9-9816-a696ff669fd2
15:00:29.871 [pool-5-thread-1] INFO  Log.Log - Dealer: 45, Car: b8a50394-7b0f-40fc-8e8f-8f56916d1752, Engine: ba92233a-f27c-4c91-ba43-eb00fd971a78, BodyKit: 056caf58-44ae-4e06-8318-5cf624ce6571, Accessory: e561523e-1494-4c20-b8a1-cbab19c162a2
15:00:29.871 [pool-5-thread-2] INFO  Log.Log - Dealer: 46, Car: 446625f4-394e-4321-aafc-a464f1ce2f92, Engine: 38b5f8e3-6448-4fb6-8bdb-5bf9e5e62f88, BodyKit: 56b87c61-9193-4072-8f3e-15076491bfc0, Accessory: c2c10be6-2986-40f5-b495-4da06c90a9b5
15:01:26.515 [pool-5-thread-1] INFO  Log.Log - Dealer: 42, Car: 97ede17d-0b96-4535-853a-571f9057403b, Engine: ee2cce23-eba4-459c-bd23-c61fe38491cf, BodyKit: 57b551e4-9eea-40df-b35a-b22d117afab8, Accessory: 23bfea13-a330-4808-b161-1181d6a34ede
15:01:29.168 [pool-5-thread-2] INFO  Log.Log - Dealer: 43, Car: 7328efd3-0f54-43ca-a8ee-89bb567a4f12, Engine: 3c5da1fb-b8d9-43fb-af90-414212cefa03, BodyKit: c68ed8a3-2a7c-421f-b1de-ce9207ef48c2, Accessory: 882e44fa-a20e-45a4-bd7f-bd7b6c3e850a
15:01:33.669 [pool-5-thread-20] INFO  Log.Log - Dealer: 61, Car: 9e508cec-e3a3-4cbb-9e62-e902840f12e2, Engine: 5aa9930d-05ed-4640-8927-087b10e73e1f, BodyKit: af9499af-d1b6-4477-b440-85cd7b85f262, Accessory: b86ab3ed-4f7e-410c-af34-3aa6190850e3
15:01:38.171 [pool-5-thread-2] INFO  Log.Log - Dealer: 43, Car: 87805cd3-0857-4abe-bc05-5b7294924269, Engine: 0971fb64-e675-4f8d-9d4d-d035292d4a50, BodyKit: 9e6cb3dc-1c1c-45e6-9191-d58d162c64c2, Accessory: 4663a11a-a168-40e5-a8e4-1a634d776ba2
15:01:42.672 [pool-5-thread-20] INFO  Log.Log - Dealer: 61, Car: 686262ff-1763-4a38-a515-86369a1883bd, Engine: 09057dae-6122-4674-8b6c-4cf15954f477, BodyKit: 3dc15fda-3d67-4ffd-8603-7e2d5501badb, Accessory: 0dfe2587-4871-4268-9b5a-ecf07196a1ee
15:01:47.173 [pool-5-thread-2] INFO  Log.Log - Dealer: 43, Car: c30a0a87-7a92-4432-8a11-fcabc6c0c4eb, Engine: c8cc962c-5ed1-4718-8073-ee6ba4409ddf, BodyKit: 1999c483-dbf0-4fd2-9111-ea421deb6fa2, Accessory: 10f209c8-c8a1-4340-8e61-15d5b612d039
15:01:51.675 [pool-5-thread-20] INFO  Log.Log - Dealer: 61, Car: 9191f817-58cc-426b-857d-96bd4164c63f, Engine: 250c7473-997e-409c-b1f9-323160cd427c, BodyKit: 067b7481-ef6e-4ded-aa67-c8dba0f9a35f, Accessory: 3728ca28-4053-4baa-8e23-1273bfe605a3
15:01:56.177 [pool-5-thread-2] INFO  Log.Log - Dealer: 43, Car: b768d689-f87d-45ec-9e17-f6501c067e96, Engine: aa88f127-351b-4a87-8529-33004cce0070, BodyKit: b9077c20-efe7-4006-98b8-c097f4c5e9de, Accessory: 12d85fa1-e6c1-4509-9d2e-c26c9674fad7
15:02:00.677 [pool-5-thread-20] INFO  Log.Log - Dealer: 61, Car: 27d0f9de-7648-4ba6-b6a5-a4705690cfd5, Engine: 468a24ff-ce33-481d-a2e0-65e5ce8a2de9, BodyKit: 1544b9e1-c47b-4135-8a28-40d414499261, Accessory: b82b1594-2f7e-4743-8850-263dcdd5f532
15:02:05.178 [pool-5-thread-2] INFO  Log.Log - Dealer: 43, Car: 407e666b-3232-4d0e-adc6-966cd874b513, Engine: 16532d41-42e4-447e-b309-edffb84a7ee2, BodyKit: f8a014d6-d4fc-4c54-bf46-5fd94eff9ea3, Accessory: 9975e2f2-4906-499c-be38-2fbdb0573add
15:02:09.680 [pool-5-thread-20] INFO  Log.Log - Dealer: 61, Car: 6311b0d9-c209-4893-a3bc-8dfbf42870a4, Engine: d1d17d5b-d025-45bc-9b4e-27b42b791896, BodyKit: d0ffb6f7-1822-4390-86ed-8e92932cac21, Accessory: 6374d28d-5335-4627-bbab-19d495b46951
15:02:14.180 [pool-5-thread-2] INFO  Log.Log - Dealer: 43, Car: a06f1c92-52b8-4a18-b8e7-d6cb349fcff8, Engine: e18d27d5-cc7f-4088-ab5d-e32c0622ccb5, BodyKit: c6027046-95d2-4fd2-bf8f-2a1f649698b9, Accessory: 10fe17a3-a987-4270-bf10-e29854b66776
15:02:18.681 [pool-5-thread-20] INFO  Log.Log - Dealer: 61, Car: 7e2d3cad-f6ea-45e4-a2bb-e29a2b52f263, Engine: b3c6ee70-a5be-4295-9c95-6381e97285cb, BodyKit: 1b66b354-a5d3-46f9-b6c4-be10e9ecb938, Accessory: 11a3977e-b9d5-4116-a239-8f9a67d574bf
15:02:27.183 [pool-5-thread-2] INFO  Log.Log - Dealer: 43, Car: 3bbd8765-1a60-40aa-9ccf-0cc1b35e65d0, Engine: 58469319-0f25-4a11-b9b4-7eade62a92b4, BodyKit: c0bdf365-4780-41f7-a083-b4c472e3afdb, Accessory: b33eaa28-aa4c-4110-9509-bd4ed125badd
15:02:35.683 [pool-5-thread-19] INFO  Log.Log - Dealer: 60, Car: 23b368d2-628e-4f66-bd24-46454bc70bbf, Engine: f3695440-314b-4266-a62a-2227a6d16168, BodyKit: 20fe9fb7-1d27-421e-982f-304e148257fa, Accessory: 2ab7053b-74b3-452e-92e4-046037fc938a
15:02:44.184 [pool-5-thread-20] INFO  Log.Log - Dealer: 61, Car: 540b2eec-0371-4f1a-acef-9ec924b263a2, Engine: ea79edec-588b-41fe-8943-4038ecd1a2a3, BodyKit: 153e9b9f-bc35-4efb-9ce8-5d2bb04893e1, Accessory: 210df3d6-d32f-41e1-bf55-6543401015e9
15:02:52.685 [pool-5-thread-2] INFO  Log.Log - Dealer: 43, Car: 8aa7d595-c47a-4b63-9497-8df2bdc1fa61, Engine: b5091c0f-ed42-453b-bf46-5f6af61b2dda, BodyKit: 75791df1-8113-4874-942d-f8de01757990, Accessory: df937db1-dee9-490c-9082-b61932cea58d
12:08:51.975 [pool-5-thread-1] INFO  Log.Log - Dealer: 42, Car: 64e151a7-f2c8-4387-ae72-1ba8c89464dc, Engine: 73d1475d-1ba1-4a38-b103-f71ec2f7d55b, BodyKit: 29c480af-167c-455b-8bdc-ccbeaad516e0, Accessory: c849c857-f4f3-4d15-ab5c-7893c10800cb
12:08:54.572 [pool-5-thread-2] INFO  Log.Log - Dealer: 43, Car: ee7a16fc-74e4-499b-b9c2-23b8a33eda6d, Engine: 1e37e288-1916-400e-8371-cb4139894afe, BodyKit: 89198c6f-0146-4be8-bce9-e5df5222042e, Accessory: 84453026-dccf-4cd6-873f-ae12ef20c6d8
12:08:59.073 [pool-5-thread-20] INFO  Log.Log - Dealer: 61, Car: 5bf0cff3-8288-4471-9302-bc1cdba54017, Engine: 04a68d47-eea5-4702-8d5d-2a71072a45d1, BodyKit: 312104de-6052-4aab-8bd5-ab72d7338a52, Accessory: da03fe12-5c98-469e-aa35-a928680f09b1
12:09:03.573 [pool-5-thread-2] INFO  Log.Log - Dealer: 43, Car: fa5eb3dc-b259-46ac-ae14-37abf58e7829, Engine: 830f7ff3-00b6-4fce-ad4b-49f48f502e8a, BodyKit: 81f4765a-497f-42f7-bfc1-475f965ec29f, Accessory: 9ad51dee-8ac1-4af0-b936-7c5a3776b938
12:09:08.074 [pool-5-thread-19] INFO  Log.Log - Dealer: 60, Car: 90498331-2d34-4eab-95b6-7ecde608cb64, Engine: 1aa169ea-7599-497f-8ae5-0cef1468fca4, BodyKit: 4f5f2bdc-e8f5-49ee-9d9f-c53b8ab32c5f, Accessory: 38be02c4-b868-43f8-bda4-6a98e1bb78ad
12:09:12.575 [pool-5-thread-1] INFO  Log.Log - Dealer: 42, Car: 6a4706bc-baa4-4146-929e-5d0fdffd0424, Engine: 661c1444-c8b4-4afd-bdc5-762b931b683c, BodyKit: 176ebece-9c63-493d-9125-020994702ed3, Accessory: 6b51bb14-4ffe-4926-86c0-229637ba3973
10:58:37.914 [pool-5-thread-1] INFO  Log.Log - Dealer: 42, Car: 152ce9eb-5a70-45f1-8427-6a20d65fcaa6, Engine: e1875abd-7d32-4cb2-a633-f08dcce2800b, BodyKit: aef43f08-b986-48bb-8400-f7cb4d502d27, Accessory: c738b95c-21f8-4cc5-a5e8-067219997d46
10:58:40.498 [pool-5-thread-2] INFO  Log.Log - Dealer: 43, Car: 64082119-171c-4962-bb41-9f9d7aca5e1a, Engine: e98e695d-25a2-44b0-8d51-77788c2cb1c0, BodyKit: 3e755d54-e6b0-4b8e-8464-f8d47c2af097, Accessory: ed480456-6cd1-4889-80bd-2dfd6497817a
10:58:45.206 [pool-5-thread-20] INFO  Log.Log - Dealer: 61, Car: d3b57d84-4ba2-457c-9e78-d72633fd0a33, Engine: 431817f9-90c2-4ac7-821c-e0d1c47e84c0, BodyKit: 1c7046a8-d451-4eae-9aa1-63767f842b3d, Accessory: c5bd2e82-7117-4d35-adb7-64a49256894a
10:58:49.707 [pool-5-thread-2] INFO  Log.Log - Dealer: 43, Car: 0e82f4d4-f78d-4fea-8261-94777940a948, Engine: 501f292a-83f7-479a-bb6e-4274f7b28678, BodyKit: 67b4f232-b293-488f-9837-b7a8f114f9c3, Accessory: cf98b5d3-f392-4326-b21f-7c9aaee8293f
10:58:54.207 [pool-5-thread-19] INFO  Log.Log - Dealer: 60, Car: be2864ff-6173-4d85-9988-a4f752cbba73, Engine: 80b10a67-0a3e-4367-9344-9051e5d43fc9, BodyKit: 96fc2f94-cda1-4d73-abf0-25dc1abebfa4, Accessory: 1cd82d4f-7f4e-4df2-a7b8-281868a71442
10:58:58.708 [pool-5-thread-1] INFO  Log.Log - Dealer: 42, Car: 26e63416-62fc-42eb-9d07-9c842ece12db, Engine: 879fdb19-59d2-42e8-b9d5-7faa003abd04, BodyKit: 2f669a34-158c-4992-bc75-eaa85b803123, Accessory: 33f53294-4125-492d-9fe9-012d8529276b
10:59:03.209 [pool-5-thread-20] INFO  Log.Log - Dealer: 61, Car: 7c63ba22-d75a-49c6-b6f5-60590a779f7d, Engine: 3c5191e5-8f60-4583-9b31-ecc432f7491f, BodyKit: 8c537cd9-e109-4159-841e-2bd99e0d55a7, Accessory: c425ae77-ec32-4a6b-acdd-0af989d73b9e
10:59:07.710 [pool-5-thread-2] INFO  Log.Log - Dealer: 43, Car: de5dc31a-3462-47a7-8392-bf914d67a7a6, Engine: c1f66124-6f96-4e1b-ab59-ceebe4548629, BodyKit: 75b61448-c223-447b-9810-2093854c4c50, Accessory: 9983867b-19cd-488a-baed-62d227310d31
10:59:27.372 [pool-5-thread-1] INFO  Log.Log - Dealer: 42, Car: ecbbb6fd-56b7-46c7-b830-ac6817692357, Engine: 1558e55a-6874-4c32-bde9-adcbe0b36ee5, BodyKit: df095d79-eccb-4972-9d88-5ac777cae88e, Accessory: 5ea8385d-a8b8-406b-a7aa-b1457667fddf
10:59:30.031 [pool-5-thread-2] INFO  Log.Log - Dealer: 43, Car: 653e3aca-5261-4dc7-8d0c-bdc036ed4fc5, Engine: f303d5b7-9be8-4a3a-99b5-4b2d7d928b28, BodyKit: 4d834940-3134-4c60-af5a-2d5754c87e99, Accessory: 48c64edb-29cd-4c08-8a82-2974fdea149f
10:59:34.532 [pool-5-thread-2] INFO  Log.Log - Dealer: 43, Car: 5e3b5a5c-3515-4961-b813-196bca006781, Engine: 9163e7c4-3809-49ac-b5da-cbd1741efda9, BodyKit: 900e7b13-fe8a-4cdd-a634-ec3efb8352bd, Accessory: 6b3e0d56-69a2-4a1a-87c0-50e8bb12b41c
10:59:39.034 [pool-5-thread-1] INFO  Log.Log - Dealer: 42, Car: d649d8c7-8608-44f8-94f7-45bdd877d248, Engine: c091b81e-b872-4d13-9ca4-29a92a2904c2, BodyKit: c505752d-9b0a-45ce-8830-ffec8cf31ea4, Accessory: f7637157-d7ad-483c-8121-295a4fd761a0
10:59:43.535 [pool-5-thread-2] INFO  Log.Log - Dealer: 43, Car: 7d0c7982-6436-4a11-b3b6-60f5db43d0f4, Engine: ebe7e066-7523-43db-8b95-9e27b5e718f9, BodyKit: 23f0fa7c-642c-4f6c-8e29-7922bf81837c, Accessory: 48eb01d7-dacc-4ba1-b0ed-e4b880e7958e
10:59:49.035 [pool-5-thread-1] INFO  Log.Log - Dealer: 42, Car: 781da8c7-5104-481a-9f03-139701a7eed8, Engine: 3d83f797-a23b-40af-a404-7ba1a59cedbf, BodyKit: e7debf87-6597-4c05-8e53-a2f978267fe3, Accessory: 47364f9e-e40d-4c43-bff8-9eaa6fc3dbec
10:59:53.536 [pool-5-thread-2] INFO  Log.Log - Dealer: 43, Car: 80fc7ba2-67b9-4e76-9603-b224ddf00b89, Engine: 632a3d39-8123-46b1-a4ef-8597305979cf, BodyKit: 9ba049c0-3e4b-4336-a690-e4d07b56f272, Accessory: 2b15dfe1-2301-41c3-87ff-57ee7575e6d3
10:59:59.036 [pool-5-thread-1] INFO  Log.Log - Dealer: 42, Car: 630e73cf-8ff2-41b7-bdec-fa1076eeae0b, Engine: c3713781-2385-4821-b27c-649fe8232738, BodyKit: b5ea964d-8dcb-4fee-8493-10e03eb34780, Accessory: 5151b6cc-99a8-4b0b-a109-7c68a92c3cd4
11:00:03.537 [pool-5-thread-2] INFO  Log.Log - Dealer: 43, Car: 405bab2c-8af2-4e6b-a93d-6ff17e4712c2, Engine: 4b84dddf-f97c-4b3e-95a2-f29fb28b0ca6, BodyKit: 7a91f8fc-3040-480e-bc48-1639363de3ec, Accessory: bd527f3d-f16a-4875-a546-a71959260c12
11:00:09.036 [pool-5-thread-1] INFO  Log.Log - Dealer: 42, Car: eb85beed-b276-4bf1-93a5-ee281de1c1af, Engine: 6ca7ed0f-ab78-4a35-8cb6-1c2af2f5081d, BodyKit: 87dfa7dc-4231-4503-b0e5-8c9149783159, Accessory: ec3b0fa8-2c8d-43da-ab5d-382bb490c85b
11:00:13.537 [pool-5-thread-2] INFO  Log.Log - Dealer: 43, Car: 86d064f2-d2b7-4bd8-a834-72d588fed062, Engine: cbd4c4d4-42a8-4ff1-8b61-50151e5488f6, BodyKit: 1897f030-d693-4640-b145-edb942695973, Accessory: 90ee83d0-3f3f-493d-8a13-3d3acd2d5fb8
11:00:19.037 [pool-5-thread-1] INFO  Log.Log - Dealer: 42, Car: fb5520ea-3164-4789-b0f7-3be581bfa823, Engine: 868f89dc-c1c0-415c-8496-d32c6e76fdf1, BodyKit: aa8a6d9e-a468-4ae8-af33-f21b606dd2df, Accessory: a3e26b2c-c169-42b9-8901-681a2a4a355e
11:00:23.538 [pool-5-thread-2] INFO  Log.Log - Dealer: 43, Car: 8bc10e29-d205-4e0f-8962-767acefb0dc2, Engine: 66f6ccbc-dd14-4a8d-9ae2-c83ef71d775e, BodyKit: c2f29ffb-46b4-4c44-b786-9d349d447485, Accessory: 64cd6822-28d7-4caf-b56e-737be4675abc
11:00:29.038 [pool-5-thread-1] INFO  Log.Log - Dealer: 42, Car: 380fca02-44dc-4063-ae68-161f3f14ee1b, Engine: ecada198-3e6d-4f41-9bb1-c608c2483692, BodyKit: c877b683-334b-4ecf-b1dc-36981e0a6fbd, Accessory: 6b58fe6a-3fce-4017-8429-7ba65c6e9260
11:03:44.055 [pool-5-thread-1] INFO  Log.Log - Dealer: 42, Car: 7e9dc472-bdc8-4832-8bb9-78f24369948a, Engine: 39a0283c-d91a-4aaa-a2ef-f9457303beb4, BodyKit: 08819146-8699-4260-8ce3-359e9f2f64d6, Accessory: a186ce00-fec5-41e1-9fb7-087cabb149e7
11:03:46.704 [pool-5-thread-2] INFO  Log.Log - Dealer: 43, Car: 03bf62b3-811c-4dec-96dc-ecf360187241, Engine: 29187bee-6d59-44e7-b36c-72481bb7413f, BodyKit: 42849354-cf04-4a9e-b591-551797410b8e, Accessory: 98f2f086-aacc-44c7-a7ed-583f59b38124
11:03:51.205 [pool-5-thread-20] INFO  Log.Log - Dealer: 61, Car: ee6a9794-8786-463c-97ff-bddf5aaed87b, Engine: b63357ca-749a-46b1-b4a5-3357d13fb651, BodyKit: eaebf6ff-16c5-4925-a08e-3c16479da621, Accessory: 96bbc5ad-8e78-4ca9-8d08-2d3e1ae37b56
11:12:14.737 [pool-5-thread-1] INFO  Log.Log - Dealer: 42, Car: c2a66f90-b8f3-4869-9e56-cb4b58c395a4, Engine: a1f7f988-3d17-4ece-af1e-1d173c0aa0e9, BodyKit: 8473e469-0816-4cf4-b264-bdb997b25547, Accessory: 5d53bfc1-0c52-474c-a800-f9db0e6f0daa
11:12:17.377 [pool-5-thread-2] INFO  Log.Log - Dealer: 43, Car: a2a3c9ce-2de5-4f2e-87a9-e5438aec79f9, Engine: d1b0ca19-f0e6-4fa4-9717-893d34566457, BodyKit: b2de799e-1a22-4568-aa8c-262b12100c4c, Accessory: a61232fc-f6bb-4e4d-ae3f-7e67230a5112
11:12:21.878 [pool-5-thread-20] INFO  Log.Log - Dealer: 61, Car: ebdc0837-92a1-4b11-a26e-93f600d22cb3, Engine: a1d4d6eb-54e1-4329-82f1-30486b3d82ea, BodyKit: 7429c30c-4a9f-4120-ae8d-e75efecb8182, Accessory: 32eba5e9-f958-429e-809d-81324b9df78f
11:12:26.379 [pool-5-thread-2] INFO  Log.Log - Dealer: 43, Car: b6e10cbc-09b3-40d3-b1b4-c460cba0d01d, Engine: 975b9f8d-32b7-4b52-b738-839b183ad863, BodyKit: 86efb4fe-b32a-4532-84a8-1d7c0258de40, Accessory: f121faaa-d1bc-4424-8fe9-a2763bcfc355
11:12:30.880 [pool-5-thread-20] INFO  Log.Log - Dealer: 61, Car: 63c42a6c-4078-4e62-93e4-7e0d7115ec81, Engine: dee97f93-ee13-40a8-9be9-d7cdbef6a17c, BodyKit: b26049fa-306d-40db-8379-6100df0e32a9, Accessory: 71eefc46-fc92-490c-9109-98fdc137113d
11:12:35.381 [pool-5-thread-2] INFO  Log.Log - Dealer: 43, Car: 31da008e-516d-48cc-94ea-22263b9f26f9, Engine: 52504561-ea59-4b91-aa56-f18d8a19c748, BodyKit: 5b48e028-f9ba-4548-ba7a-229566d5ff1b, Accessory: afc85f57-b873-4381-8a1d-d9ad8b7d7c2c
11:12:39.882 [pool-5-thread-19] INFO  Log.Log - Dealer: 60, Car: 8c5cb7d1-e20b-40a1-b5f5-1375459932c3, Engine: 6d61f3b4-863a-41f2-b513-4fbdce57a049, BodyKit: e1351a54-e163-4b11-9d07-153a85365db4, Accessory: 52c1eaf2-f7fa-408a-ad70-aa1e672725a0
11:21:22.288 [pool-5-thread-2] INFO  Log.Log - Dealer: 43, Car: 9d2c081c-11a8-44ab-9d6d-46cc5cd6b75d, Engine: 4f158aa7-3571-42fa-a3d4-5bc412a8d3c2, BodyKit: 07dea2db-9310-44b7-a122-dbc5bf3512dc, Accessory: 0114caf0-a136-4777-8bc6-9ddaff1a4bcf
11:39:21.229 [pool-5-thread-1] INFO  Log.Log - Dealer: 42, Car: 8ac646a4-3975-402a-a233-6101c53a7baa, Engine: b6e48ea1-26c9-4c35-a577-7e42b678b88e, BodyKit: b0e0a448-b269-46e0-93ad-7f0245268e21, Accessory: d66f5d5b-a0b2-4ef8-8b43-71c0462fc314
11:39:22.418 [pool-5-thread-2] INFO  Log.Log - Dealer: 43, Car: e718a326-f316-4a5d-9da5-c6c7aaa98cac, Engine: 8ff50531-a693-4d0e-820f-4e3ff15b84f8, BodyKit: e5695cf0-d55e-4e21-9633-188ea46655fd, Accessory: d29fd6bd-6b35-4a4f-802f-c1e790b16820
11:39:26.919 [pool-5-thread-20] INFO  Log.Log - Dealer: 61, Car: 97517638-1a87-42ef-bcd8-fd2f4818bb93, Engine: 7e0945f1-8180-4c89-82f2-bf205d96ce59, BodyKit: ff84df30-1a81-490f-bee8-0f009caa21e3, Accessory: 48f2f61b-bf28-4345-afbb-90388dba49b7
11:39:31.420 [pool-5-thread-3] INFO  Log.Log - Dealer: 44, Car: 15182257-97b9-412b-85a3-57f0892582ed, Engine: b45a692c-01c2-4455-ab12-9e76b8d8c538, BodyKit: 96752368-d7ca-41e0-af37-b4256e6cbcc4, Accessory: 1004970f-7a4e-4391-9df0-c3c3b73a3d65
11:39:35.921 [pool-5-thread-19] INFO  Log.Log - Dealer: 60, Car: 66ae805d-35d9-4da0-8a16-360927f42432, Engine: 803621cf-be34-4419-9e17-7d2aff713dd6, BodyKit: bcee0740-99a7-4612-9634-733617d0a4ad, Accessory: c5d68527-e3b6-459e-bff1-87b6a0eda627
11:39:40.422 [pool-5-thread-2] INFO  Log.Log - Dealer: 43, Car: 08e463c3-bfc6-45d1-b12d-1573af98723b, Engine: 115a9229-d3ef-4c0f-aaf2-3bbd24c5632b, BodyKit: e1d70d56-76c4-49cf-831b-b6825a841472, Accessory: 5eed709d-7c3a-4e6e-835e-30126b2cfab8
11:58:36.561 [pool-5-thread-1] INFO  Log.Log - Dealer: 42, Car: 3251e69e-2276-43a1-ae56-1742feeab39b, Engine: 21f37699-7eff-41b1-9bb6-4960297d909a, BodyKit: c53f6633-0c31-4b85-8d9a-ca28adfe138b, Accessory: 6116daf2-908b-4aca-aa8f-608ad151c710
11:58:39.215 [pool-5-thread-2] INFO  Log.Log - Dealer: 43, Car: 84f0dfe7-3274-4471-8744-3e49300bb408, Engine: 361b8c16-164c-41df-a4eb-2970028c1cf5, BodyKit: 8b399118-a9aa-4dd5-9043-342b446ada75, Accessory: 57601e05-10e5-4c1b-8cf1-a84e2578e4d0
11:58:43.716 [pool-5-thread-20] INFO  Log.Log - Dealer: 61, Car: f6dda432-f33b-4b3b-9ca7-7bf7c658502f, Engine: dc1d5dae-5158-445c-ac71-44299cca2aee, BodyKit: e1ed1de6-4f01-4cf6-83c5-1e3b3e1303a5, Accessory: 03a274a6-4eb1-4b8a-9377-0333b8c535fe
11:58:48.217 [pool-5-thread-2] INFO  Log.Log - Dealer: 43, Car: a4a626c0-f9c1-4c71-b634-80e15107d55a, Engine: 2893cfa6-6a49-41de-a832-816146c0a0ea, BodyKit: d7c67b6a-7de2-4ea7-bfc3-620962823e84, Accessory: d477ab59-2d24-4fa1-be57-c2b1789a5259
11:58:52.718 [pool-5-thread-20] INFO  Log.Log - Dealer: 61, Car: 8a7340fe-f684-4446-9a42-bba01eb3f602, Engine: 9544276a-f107-4d6a-89fc-de41a250d02f, BodyKit: bb1572cd-ed6d-4ce9-ac8f-b8b7d60e97b4, Accessory: 2aee0c47-73d8-4b42-9e98-7b57459bf1d1
11:58:57.219 [pool-5-thread-2] INFO  Log.Log - Dealer: 43, Car: 026e16d6-15ba-45d0-b839-4ab4b9cac6b8, Engine: 571f3850-5c11-430d-80ae-091d91ab6e1a, BodyKit: 873ea950-5bd5-4ba1-bcbe-dfe7d22629b1, Accessory: 83d553b4-3be6-41f8-aede-7c1ad8e6e08d
11:59:01.720 [pool-5-thread-20] INFO  Log.Log - Dealer: 61, Car: 9b1b964b-becb-49d1-b257-63dd8f4c1fa0, Engine: 3ddc9d1b-e4bb-4db0-9061-725ca99a4e7b, BodyKit: f9bf390e-affc-495f-80a8-15c801f9e1dc, Accessory: 01508083-dead-43c7-afea-8cd8e60d245e
11:59:06.221 [pool-5-thread-2] INFO  Log.Log - Dealer: 43, Car: d75d958a-ec62-48dd-b504-b764f2f457e0, Engine: 17c34c09-fa08-4a68-9106-435b9e91a321, BodyKit: 3aa9e3d1-2825-47f7-a8ad-2a55fbeaebb0, Accessory: 560ac121-be4b-4ed4-91d6-f974c7516e36
11:59:10.722 [pool-5-thread-20] INFO  Log.Log - Dealer: 61, Car: 72e02aa9-8ab4-4512-901f-a598843b4eae, Engine: 5616f798-876f-4f4b-a69d-f5229174d995, BodyKit: 647699a5-4603-4508-983a-5a87636069af, Accessory: b656538e-53ba-4ca0-9eb0-fcc09181669d
11:59:15.223 [pool-5-thread-2] INFO  Log.Log - Dealer: 43, Car: 489d27a2-7402-4303-89fb-33291bd06506, Engine: d02131f9-5f01-4ae6-a8ee-ff5a9bb29035, BodyKit: c1264bbb-8cef-4966-aa88-929a78dcfa26, Accessory: 99641562-e3d9-48df-8db7-3f2fecb6ca0d
11:59:19.723 [pool-5-thread-20] INFO  Log.Log - Dealer: 61, Car: c0723fe0-7b26-48e3-b3c3-ff00699cb297, Engine: 37d9ba29-5a46-4b9c-89b2-bd73c28ff8bc, BodyKit: 02d238d8-15d9-4714-9dda-05a592e18601, Accessory: e87f5820-8314-490f-80bd-b5497f3a9370
11:59:24.224 [pool-5-thread-2] INFO  Log.Log - Dealer: 43, Car: 9692283b-5211-4460-9d67-c9d87bc2c313, Engine: 5029cd19-a3eb-4e37-b8c0-8226b8da6ad3, BodyKit: bebebf8b-6217-4ad3-95cf-329f007069d3, Accessory: a21c5292-7874-482b-ac1e-c97db2172c29
11:59:28.725 [pool-5-thread-20] INFO  Log.Log - Dealer: 61, Car: 9080e201-a68d-49f8-918c-191d9320c317, Engine: 5916bc85-95c3-4162-b5ee-e33e0bde86ba, BodyKit: cfca0f9b-b294-4a36-874f-6fe221e55a98, Accessory: 9dc1519a-7d36-43ef-854f-ea6daa9ebb96
11:59:33.227 [pool-5-thread-2] INFO  Log.Log - Dealer: 43, Car: beaa0aae-8dd1-4d48-817a-88a1759f00d6, Engine: e95e8752-a86c-4f96-907c-65b20684e9de, BodyKit: 8c711cf4-4000-4356-9c63-6918fe2a8451, Accessory: b63ce5a8-eecb-4cff-9a8a-6984fdca6808
11:59:37.728 [pool-5-thread-20] INFO  Log.Log - Dealer: 61, Car: 4e4d9213-520b-4ac3-a44e-35bfdc4423d0, Engine: 000bf542-8a40-4159-89fc-d64dae1c65c5, BodyKit: 5a6f0f78-99f1-4aaa-a0b3-d154f9b1d52c, Accessory: b9c3374d-1b11-4ffd-8fce-d22e3abe14e4
11:59:42.229 [pool-5-thread-2] INFO  Log.Log - Dealer: 43, Car: 42f6c66c-3534-4bfc-9f96-efd68befd112, Engine: eed27c1e-f495-4227-8960-97ddc3b0bd53, BodyKit: 9bfd7b36-153e-415a-9e89-f0fe2ba04b33, Accessory: dd0c55a5-cb78-4f4c-9f52-390c93c29296
12:00:55.678 [pool-5-thread-1] INFO  Log.Log - Dealer: 47, Car: 4f5ca53f-d7b8-42a4-90f9-e993ea764642, Engine: 4135a39a-dc1c-4619-8b88-11d8cea22363, BodyKit: 108d771e-03ef-48b0-a1cc-74e46c500c89, Accessory: 1f99a49a-d48e-4afa-971c-d17a494fca0b
12:00:59.326 [pool-5-thread-2] INFO  Log.Log - Dealer: 48, Car: 7fb62c2a-f52d-4da1-bdbd-4b9b289a435a, Engine: ee8db9f3-23d0-4928-8289-0357fc483e04, BodyKit: 9b86dc27-f930-4273-9c4f-2335614df855, Accessory: 1c792086-82a9-4995-834e-64ba1429c06f
12:01:03.827 [pool-5-thread-1] INFO  Log.Log - Dealer: 47, Car: 9ce4a6b0-ee3a-4606-b052-545e1f631f1b, Engine: aad95d07-02f5-4d35-bb07-bc548a3a2fcf, BodyKit: 6c877f98-28de-42a1-b5cb-f8928e31332b, Accessory: 55ede42c-d937-42d9-96bb-3b53b0fd1e36
12:01:08.328 [pool-5-thread-2] INFO  Log.Log - Dealer: 48, Car: 22b62102-c252-472b-8fe2-33868c441060, Engine: 92c105f3-9f36-4a8f-bc33-5b3d3d80059c, BodyKit: 3375fcff-44ec-4b30-b0ff-4cf3a8cab8c1, Accessory: f115cfbb-3383-4322-8193-6a6fceb642e6
12:07:55.403 [pool-5-thread-1] INFO  Log.Log - Dealer: 47, Car: 41ff2028-b511-4f02-8ca5-b4a5a6096668, Engine: f4e40113-d11a-443b-923c-58c32a9472db, BodyKit: 43c64970-c52c-46fb-a5e7-bba3cbcdb568, Accessory: 3e3084ce-94f7-40f7-a8d8-82c8f852ca45
12:07:58.870 [pool-5-thread-2] INFO  Log.Log - Dealer: 48, Car: b88d446e-0447-497d-ae69-e2e7d13830d9, Engine: 1053bc9b-0145-4a0f-9ddd-23c4c7dfd912, BodyKit: 2d3a3932-bf88-443b-afa4-e0d14e5106d3, Accessory: 695d6376-274a-45b8-b63f-d7bea9b5b846
12:08:04.480 [pool-5-thread-1] INFO  Log.Log - Dealer: 47, Car: 0959eed0-702d-4526-b77b-75c84c24ac2f, Engine: 57fd5e43-54f2-4f76-a875-e5db2075d14d, BodyKit: 67c12241-3eb5-47ef-9091-abf626a74ec9, Accessory: a3589728-3604-406c-bb6e-39c9b937d3ce
12:08:11.407 [pool-5-thread-2] INFO  Log.Log - Dealer: 48, Car: 05dbe3d9-0951-46bd-a576-0113de4bf08b, Engine: 34645e2e-84e3-4330-a50a-7017c33dbcde, BodyKit: c029a64a-179e-493c-8f26-c1694a95a6f3, Accessory: c4193f2b-ee2d-4f7e-9a29-7bbf24503455
12:09:54.125 [pool-5-thread-1] INFO  Log.Log - Dealer: 47, Car: a25c5b0b-ed81-4a41-b3dc-67d61b974e42, Engine: 2159879a-5ed6-4e50-8b9b-a6cba73255ae, BodyKit: 5ec0432b-fa85-442d-b8d9-67548970cfb5, Accessory: 550e482c-d278-4d6a-926a-90d37c0d3b65
